<?xml version="1.0" encoding="UTF-8"?>
<!-- Generated by org.testng.reporters.JUnitReportReporter -->
<testsuite hostname="DESKTOP-8GAKHLN" failures="0" tests="1" name="tests.HomePageTest" time="15.314" errors="0" timestamp="2021-07-21T15:15:54 EDT" skipped="0">
  <testcase classname="tests.HomePageTest" name="Searchofcooker" time="15.314"/>
  <system-out/>
</testsuite> <!-- tests.HomePageTest -->
