<?xml version="1.0" encoding="UTF-8"?>
<!-- Generated by org.testng.reporters.JUnitReportReporter -->
<testsuite hostname="DESKTOP-8GAKHLN" failures="0" tests="4" name="tests.LoginTest" time="58.069" errors="0" timestamp="2021-07-21T15:15:54 EDT" skipped="0">
  <testcase classname="tests.LoginTest" name="wrongpasswordTest" time="10.501"/>
  <system-out/>
  <testcase classname="tests.LoginTest" name="wrongEmailAndPasswordTest" time="15.119"/>
  <system-out/>
  <testcase classname="tests.LoginTest" name="rightEmailAndPassword" time="20.272"/>
  <system-out/>
  <testcase classname="tests.LoginTest" name="WrongEmailTest" time="12.177"/>
  <system-out/>
</testsuite> <!-- tests.LoginTest -->
